Removed Pin From Net: NetName=+5 Pin=Arduino1-5V
Removed Pin From Net: NetName=LF Pin=Arduino1-D4
Removed Pin From Net: NetName=RB Pin=Arduino1-D6
Removed Pin From Net: NetName=RF Pin=Arduino1-D7
Removed Pin From Net: NetName=CE Pin=Arduino1-D9
Removed Pin From Net: NetName=CSN Pin=Arduino1-D10
Removed Pin From Net: NetName=+5 Pin=MU1-1
Add component (AddParameter): Name = "ComponentLink1 Description"; Value = "Manufacturer"; VariantName = "[No Variations]"
Add component (AddParameter): Name = "ComponentLink1URL"; Value = "http://www.we-online.com"; VariantName = "[No Variations]"
Add component (AddParameter): Name = "ComponentLink2 Description"; Value = "Datasheet"; VariantName = "[No Variations]"
Add component (AddParameter): Name = "ComponentLink2URL"; Value = "http://katalog.we-online.de/em/datasheet/6130xx143121.pdf"; VariantName = "[No Variations]"
Add component (AddParameter): Name = "Created by"; Value = "Karrer Zheng"; VariantName = "[No Variations]"
Add component (AddParameter): Name = "Created Date"; Value = "29 March 2013"; VariantName = "[No Variations]"
Add component (AddParameter): Name = "Manufacturer"; Value = "W¨¹rth Elektronik eiSos GmbH"; VariantName = "[No Variations]"
Add component (AddParameter): Name = "NoPins"; Value = "02"; VariantName = "[No Variations]"
Add component (AddParameter): Name = "partNo"; Value = "613002143121"; VariantName = "[No Variations]"
Added Component: Designator=C?(JP2-C1T)
Add component. Clean all parameters for all variants
Add component (AddParameter): Name = "ComponentLink1 Description"; Value = "Manufacturer"; VariantName = "[No Variations]"
Add component (AddParameter): Name = "ComponentLink1URL"; Value = "http://www.we-online.com"; VariantName = "[No Variations]"
Add component (AddParameter): Name = "ComponentLink2 Description"; Value = "Datasheet"; VariantName = "[No Variations]"
Add component (AddParameter): Name = "ComponentLink2URL"; Value = "http://katalog.we-online.de/em/datasheet/6130xx143121.pdf"; VariantName = "[No Variations]"
Add component (AddParameter): Name = "Created by"; Value = "Karrer Zheng"; VariantName = "[No Variations]"
Add component (AddParameter): Name = "Created Date"; Value = "29 March 2013"; VariantName = "[No Variations]"
Add component (AddParameter): Name = "Manufacturer"; Value = "W¨¹rth Elektronik eiSos GmbH"; VariantName = "[No Variations]"
Add component (AddParameter): Name = "NoPins"; Value = "02"; VariantName = "[No Variations]"
Add component (AddParameter): Name = "partNo"; Value = "613002143121"; VariantName = "[No Variations]"
Added Pin To Net: NetName=LF Pin=Arduino1-D3
Added Pin To Net: NetName=RF Pin=Arduino1-D6
Added Pin To Net: NetName=CE Pin=Arduino1-D7
Added Pin To Net: NetName=CSN Pin=Arduino1-D8
Added Pin To Net: NetName=RB Pin=Arduino1-D9
Added Pin To Net: NetName=+5 Pin=C?-1
Added Pin To Net: NetName=NetArduino1_5V Pin=Arduino1-5V
Added Pin To Net: NetName=NetArduino1_5V Pin=C?-2
Added Pin To Net: NetName=NetArduino1_5V Pin=MU1-1
Added Net: Name=NetArduino1_5V
Change Class Name : Old Net Name=drone New Net Name=droneM24
Added Member To Class: ClassName=droneM24 Member=Component C? JP2
Added Room: Name=droneM24
