Change Component Designator: OldDesignator=C2 NewDesignator=C3
Change Component Designator: OldDesignator=C3 NewDesignator=C4
Change Component Designator: OldDesignator=C4 NewDesignator=C5
Change Component Designator: OldDesignator=C5 NewDesignator=C6
Change Component Designator: OldDesignator=C6 NewDesignator=C7
Add component (AddParameter): Name = ""; Value = ""; VariantName = "[No Variations]"
Add component (AddParameter): Name = "LatestRevisionDate"; Value = "17-Jul-2002"; VariantName = "[No Variations]"
Add component (AddParameter): Name = "LatestRevisionNote"; Value = "Re-released for DXP Platform."; VariantName = "[No Variations]"
Add component (AddParameter): Name = "PackageReference"; Value = "C1206"; VariantName = "[No Variations]"
Add component (AddParameter): Name = "Publisher"; Value = "Altium Limited"; VariantName = "[No Variations]"
Add component (AddParameter): Name = "Value"; Value = "104"; VariantName = "[No Variations]"
Added Component: Designator=C2(CA-ALU-5)
Add component. Clean all parameters for all variants
Add component (AddParameter): Name = ""; Value = ""; VariantName = "[No Variations]"
Add component (AddParameter): Name = "LatestRevisionDate"; Value = "17-Jul-2002"; VariantName = "[No Variations]"
Add component (AddParameter): Name = "LatestRevisionNote"; Value = "Re-released for DXP Platform."; VariantName = "[No Variations]"
Add component (AddParameter): Name = "PackageReference"; Value = "C1206"; VariantName = "[No Variations]"
Add component (AddParameter): Name = "Publisher"; Value = "Altium Limited"; VariantName = "[No Variations]"
Add component (AddParameter): Name = "Value"; Value = "104"; VariantName = "[No Variations]"
Added Pin To Net: NetName=NetCx1_2 Pin=C2-1
Added Pin To Net: NetName=GND Pin=C2-2
Change Net Name : Old Net Name=NetCx1_2 New Net Name=NetC2_1
Added Member To Class: ClassName=droneM24 Member=Component C7 JP2
